<?xml version="1.0" encoding="UTF-8"?>
<testng-results ignored="0" total="1" passed="1" failed="0" skipped="0">
  <reporter-output>
  </reporter-output>
  <suite started-at="2021-02-21T21:47:04 IST" name="Default suite" finished-at="2021-02-21T21:47:05 IST" duration-ms="88">
    <groups>
    </groups>
    <test started-at="2021-02-21T21:47:04 IST" name="Default test" finished-at="2021-02-21T21:47:05 IST" duration-ms="88">
      <class name="Day2">
        <test-method signature="pLoan()[pri:0, instance:Day2@5c90e579]" started-at="2021-02-21T21:47:05 IST" name="pLoan" finished-at="2021-02-21T21:47:05 IST" duration-ms="15" status="PASS">
          <reporter-output>
          </reporter-output>
        </test-method> <!-- pLoan -->
      </class> <!-- Day2 -->
    </test> <!-- Default test -->
  </suite> <!-- Default suite -->
</testng-results>
